# JRE version: Java(TM) SE Runtime Environment (8.0_101-b13) (build 1.8.0_101-b13)
# Java VM: Java HotSpot(TM) 64-Bit Server VM (25.101-b13 mixed mode windows-amd64 compressed oops)
Heap:
 PSYoungGen      total 113664K, used 96772K [0x00000000eb180000, 0x00000000f5400000, 0x0000000100000000)
  eden space 107008K, 84% used [0x00000000eb180000,0x00000000f0983168,0x00000000f1a00000)
  from space 6656K, 99% used [0x00000000f1a00000,0x00000000f207ded0,0x00000000f2080000)
  to   space 9216K, 0% used [0x00000000f4b00000,0x00000000f4b00000,0x00000000f5400000)
 ParOldGen       total 45568K, used 18652K [0x00000000c1400000, 0x00000000c4080000, 0x00000000eb180000)
  object space 45568K, 40% used [0x00000000c1400000,0x00000000c2637158,0x00000000c4080000)
 Metaspace       used 45833K, capacity 47432K, committed 47664K, reserved 1091584K
  class space    used 6092K, capacity 6394K, committed 6448K, reserved 1048576K
GC Heap History (10 events):
Event: 87.316 GC heap before
{Heap before GC invocations=13 (full 1):
 PSYoungGen      total 56320K, used 53422K [0x00000000eb180000, 0x00000000f0600000, 0x0000000100000000)
  eden space 51200K, 100% used [0x00000000eb180000,0x00000000ee380000,0x00000000ee380000)
  from space 5120K, 43% used [0x00000000ee380000,0x00000000ee5abb30,0x00000000ee880000)
  to   space 5120K, 0% used [0x00000000f0100000,0x00000000f0100000,0x00000000f0600000)
 ParOldGen       total 28160K, used 5811K [0x00000000c1400000, 0x00000000c2f80000, 0x00000000eb180000)
  object space 28160K, 20% used [0x00000000c1400000,0x00000000c19acf98,0x00000000c2f80000)
 Metaspace       used 25241K, capacity 25954K, committed 26032K, reserved 1071104K
  class space    used 3271K, capacity 3481K, committed 3504K, reserved 1048576K
Event: 87.333 GC heap after
Heap after GC invocations=13 (full 1):
 PSYoungGen      total 79872K, used 5101K [0x00000000eb180000, 0x00000000f0680000, 0x0000000100000000)
  eden space 74752K, 0% used [0x00000000eb180000,0x00000000eb180000,0x00000000efa80000)
  from space 5120K, 99% used [0x00000000f0100000,0x00000000f05fb698,0x00000000f0600000)
  to   space 6144K, 0% used [0x00000000efa80000,0x00000000efa80000,0x00000000f0080000)
 ParOldGen       total 28160K, used 6902K [0x00000000c1400000, 0x00000000c2f80000, 0x00000000eb180000)
  object space 28160K, 24% used [0x00000000c1400000,0x00000000c1abdbc8,0x00000000c2f80000)
 Metaspace       used 25241K, capacity 25954K, committed 26032K, reserved 1071104K
  class space    used 3271K, capacity 3481K, committed 3504K, reserved 1048576K
}
Event: 102.022 GC heap before
{Heap before GC invocations=14 (full 1):
 PSYoungGen      total 79872K, used 79853K [0x00000000eb180000, 0x00000000f0680000, 0x0000000100000000)
  eden space 74752K, 100% used [0x00000000eb180000,0x00000000efa80000,0x00000000efa80000)
  from space 5120K, 99% used [0x00000000f0100000,0x00000000f05fb698,0x00000000f0600000)
  to   space 6144K, 0% used [0x00000000efa80000,0x00000000efa80000,0x00000000f0080000)
 ParOldGen       total 28160K, used 6902K [0x00000000c1400000, 0x00000000c2f80000, 0x00000000eb180000)
  object space 28160K, 24% used [0x00000000c1400000,0x00000000c1abdbc8,0x00000000c2f80000)
 Metaspace       used 30579K, capacity 31638K, committed 31920K, reserved 1077248K
  class space    used 3939K, capacity 4175K, committed 4272K, reserved 1048576K
Event: 102.056 GC heap after
Heap after GC invocations=14 (full 1):
 PSYoungGen      total 80896K, used 6128K [0x00000000eb180000, 0x00000000f2880000, 0x0000000100000000)
  eden space 74752K, 0% used [0x00000000eb180000,0x00000000eb180000,0x00000000efa80000)
  from space 6144K, 99% used [0x00000000efa80000,0x00000000f007c338,0x00000000f0080000)
  to   space 7168K, 0% used [0x00000000f2180000,0x00000000f2180000,0x00000000f2880000)
 ParOldGen       total 28160K, used 8687K [0x00000000c1400000, 0x00000000c2f80000, 0x00000000eb180000)
  object space 28160K, 30% used [0x00000000c1400000,0x00000000c1c7bf00,0x00000000c2f80000)
 Metaspace       used 30579K, capacity 31638K, committed 31920K, reserved 1077248K
  class space    used 3939K, capacity 4175K, committed 4272K, reserved 1048576K
}
Event: 106.454 GC heap before
{Heap before GC invocations=15 (full 1):
 PSYoungGen      total 80896K, used 33258K [0x00000000eb180000, 0x00000000f2880000, 0x0000000100000000)
  eden space 74752K, 36% used [0x00000000eb180000,0x00000000ecbfe840,0x00000000efa80000)
  from space 6144K, 99% used [0x00000000efa80000,0x00000000f007c338,0x00000000f0080000)
  to   space 7168K, 0% used [0x00000000f2180000,0x00000000f2180000,0x00000000f2880000)
 ParOldGen       total 28160K, used 8687K [0x00000000c1400000, 0x00000000c2f80000, 0x00000000eb180000)
  object space 28160K, 30% used [0x00000000c1400000,0x00000000c1c7bf00,0x00000000c2f80000)
 Metaspace       used 34256K, capacity 35296K, committed 35496K, reserved 1081344K
  class space    used 4325K, capacity 4572K, committed 4656K, reserved 1048576K
Event: 106.487 GC heap after
Heap after GC invocations=15 (full 1):
 PSYoungGen      total 112640K, used 3427K [0x00000000eb180000, 0x00000000f2700000, 0x0000000100000000)
  eden space 107008K, 0% used [0x00000000eb180000,0x00000000eb180000,0x00000000f1a00000)
  from space 5632K, 60% used [0x00000000f2180000,0x00000000f24d8ca0,0x00000000f2700000)
  to   space 6656K, 0% used [0x00000000f1a00000,0x00000000f1a00000,0x00000000f2080000)
 ParOldGen       total 28160K, used 12623K [0x00000000c1400000, 0x00000000c2f80000, 0x00000000eb180000)
  object space 28160K, 44% used [0x00000000c1400000,0x00000000c2053f30,0x00000000c2f80000)
 Metaspace       used 34256K, capacity 35296K, committed 35496K, reserved 1081344K
  class space    used 4325K, capacity 4572K, committed 4656K, reserved 1048576K
}
Event: 106.487 GC heap before
{Heap before GC invocations=16 (full 2):
 PSYoungGen      total 112640K, used 3427K [0x00000000eb180000, 0x00000000f2700000, 0x0000000100000000)
  eden space 107008K, 0% used [0x00000000eb180000,0x00000000eb180000,0x00000000f1a00000)
  from space 5632K, 60% used [0x00000000f2180000,0x00000000f24d8ca0,0x00000000f2700000)
  to   space 6656K, 0% used [0x00000000f1a00000,0x00000000f1a00000,0x00000000f2080000)
 ParOldGen       total 28160K, used 12623K [0x00000000c1400000, 0x00000000c2f80000, 0x00000000eb180000)
  object space 28160K, 44% used [0x00000000c1400000,0x00000000c2053f30,0x00000000c2f80000)
 Metaspace       used 34256K, capacity 35296K, committed 35496K, reserved 1081344K
  class space    used 4325K, capacity 4572K, committed 4656K, reserved 1048576K
Event: 106.887 GC heap after
Heap after GC invocations=16 (full 2):
 PSYoungGen      total 112640K, used 0K [0x00000000eb180000, 0x00000000f2700000, 0x0000000100000000)
  eden space 107008K, 0% used [0x00000000eb180000,0x00000000eb180000,0x00000000f1a00000)
  from space 5632K, 0% used [0x00000000f2180000,0x00000000f2180000,0x00000000f2700000)
  to   space 6656K, 0% used [0x00000000f1a00000,0x00000000f1a00000,0x00000000f2080000)
 ParOldGen       total 45568K, used 14461K [0x00000000c1400000, 0x00000000c4080000, 0x00000000eb180000)
  object space 45568K, 31% used [0x00000000c1400000,0x00000000c221f6a8,0x00000000c4080000)
 Metaspace       used 34256K, capacity 35296K, committed 35496K, reserved 1081344K
  class space    used 4325K, capacity 4572K, committed 4656K, reserved 1048576K
}
Event: 118.159 GC heap before
{Heap before GC invocations=17 (full 2):
 PSYoungGen      total 112640K, used 107008K [0x00000000eb180000, 0x00000000f2700000, 0x0000000100000000)
  eden space 107008K, 100% used [0x00000000eb180000,0x00000000f1a00000,0x00000000f1a00000)
  from space 5632K, 0% used [0x00000000f2180000,0x00000000f2180000,0x00000000f2700000)
  to   space 6656K, 0% used [0x00000000f1a00000,0x00000000f1a00000,0x00000000f2080000)
 ParOldGen       total 45568K, used 14461K [0x00000000c1400000, 0x00000000c4080000, 0x00000000eb180000)
  object space 45568K, 31% used [0x00000000c1400000,0x00000000c221f6a8,0x00000000c4080000)
 Metaspace       used 43857K, capacity 45328K, committed 45616K, reserved 1089536K
  class space    used 5812K, capacity 6102K, committed 6192K, reserved 1048576K
Event: 118.206 GC heap after
Heap after GC invocations=17 (full 2):
 PSYoungGen      total 113664K, used 6647K [0x00000000eb180000, 0x00000000f5400000, 0x0000000100000000)
  eden space 107008K, 0% used [0x00000000eb180000,0x00000000eb180000,0x00000000f1a00000)
  from space 6656K, 99% used [0x00000000f1a00000,0x00000000f207ded0,0x00000000f2080000)
  to   space 9216K, 0% used [0x00000000f4b00000,0x00000000f4b00000,0x00000000f5400000)
 ParOldGen       total 45568K, used 18652K [0x00000000c1400000, 0x00000000c4080000, 0x00000000eb180000)
  object space 45568K, 40% used [0x00000000c1400000,0x00000000c2637158,0x00000000c4080000)
 Metaspace       used 43857K, capacity 45328K, committed 45616K, reserved 1089536K
  class space    used 5812K, capacity 6102K, committed 6192K, reserved 1048576K
}

